<?xml version="1.0" encoding="utf-8"?><testsuite errors="0" failures="0" name="pytest" skips="1" tests="1" time="1.274"><testcase classname="tests.test_default" file="tests/test_default.py" line="8" name="test_hosts_file[_testinfra_host0]" time="0.00088906288147"><skipped message="got empty parameter set [u&apos;_testinfra_host&apos;], function test_hosts_file at /data/git/Perso/ansible-gitea/molecule/default/tests/test_default.py:8" type="pytest.skip">tests/test_default.py:8: &lt;py._xmlgen.raw object at 0x7fad0afef510&gt;</skipped></testcase></testsuite>